<?xml version="1.0" encoding="UTF-8"?>
<!-- Generated by org.testng.reporters.JUnitXMLReporter -->
<testsuite hostname="Ajuan" failures="0" tests="5" name="Surefire test" time="0.646" errors="0" timestamp="2 Mar 2024 12:08:03 GMT">
  <testcase classname="DAO.DAOPersonasNGTest" name="testBorrarPersona" time="0.228"/>
  <testcase classname="DAO.DAOPersonasNGTest" name="testCargarComboBox" time="0.338"/>
  <testcase classname="DAO.DAOPersonasNGTest" name="testGetPersonas" time="0.004"/>
  <testcase classname="DAO.DAOPersonasNGTest" name="testInsertarPersona" time="0.026"/>
  <testcase classname="DAO.DAOPersonasNGTest" name="testModificarPersona" time="0.043"/>
</testsuite> <!-- Surefire test -->
