<?xml version="1.0" encoding="UTF-8"?>
<testng-results total="5" passed="5" failed="0" skipped="0">
  <reporter-output>
  </reporter-output>
  <suite started-at="2024-03-02T12:08:02Z" name="Surefire suite" finished-at="2024-03-02T12:08:03Z" duration-ms="646">
    <groups>
    </groups>
    <test started-at="2024-03-02T12:08:02Z" name="Surefire test" finished-at="2024-03-02T12:08:03Z" duration-ms="646">
      <class name="DAO.DAOPersonasNGTest">
        <test-method signature="testBorrarPersona()[pri:0, instance:DAO.DAOPersonasNGTest@27fe3806]" started-at="2024-03-02T13:08:02Z" name="testBorrarPersona" finished-at="2024-03-02T13:08:02Z" duration-ms="228" status="PASS">
          <reporter-output>
          </reporter-output>
        </test-method> <!-- testBorrarPersona -->
        <test-method signature="testCargarComboBox()[pri:0, instance:DAO.DAOPersonasNGTest@27fe3806]" started-at="2024-03-02T13:08:02Z" name="testCargarComboBox" finished-at="2024-03-02T13:08:03Z" duration-ms="338" status="PASS">
          <reporter-output>
          </reporter-output>
        </test-method> <!-- testCargarComboBox -->
        <test-method signature="testGetPersonas()[pri:0, instance:DAO.DAOPersonasNGTest@27fe3806]" started-at="2024-03-02T13:08:03Z" name="testGetPersonas" finished-at="2024-03-02T13:08:03Z" duration-ms="4" status="PASS">
          <reporter-output>
          </reporter-output>
        </test-method> <!-- testGetPersonas -->
        <test-method signature="testInsertarPersona()[pri:0, instance:DAO.DAOPersonasNGTest@27fe3806]" started-at="2024-03-02T13:08:03Z" name="testInsertarPersona" finished-at="2024-03-02T13:08:03Z" duration-ms="26" status="PASS">
          <reporter-output>
          </reporter-output>
        </test-method> <!-- testInsertarPersona -->
        <test-method signature="testModificarPersona()[pri:0, instance:DAO.DAOPersonasNGTest@27fe3806]" started-at="2024-03-02T13:08:03Z" name="testModificarPersona" finished-at="2024-03-02T13:08:03Z" duration-ms="43" status="PASS">
          <reporter-output>
          </reporter-output>
        </test-method> <!-- testModificarPersona -->
      </class> <!-- DAO.DAOPersonasNGTest -->
    </test> <!-- Surefire test -->
  </suite> <!-- Surefire suite -->
</testng-results>
